[debug] [2023-04-22T03:01:43.335Z] ----------------------------------------------------------------------
[debug] [2023-04-22T03:01:43.337Z] Command:       /home/spenc/.nvm/versions/node/v19.6.0/bin/node /home/spenc/.nvm/versions/node/v19.6.0/bin/firebase deploy
[debug] [2023-04-22T03:01:43.337Z] CLI Version:   11.28.0
[debug] [2023-04-22T03:01:43.337Z] Platform:      linux
[debug] [2023-04-22T03:01:43.337Z] Node Version:  v19.6.0
[debug] [2023-04-22T03:01:43.337Z] Time:          Fri Apr 21 2023 20:01:43 GMT-0700 (Pacific Daylight Time)
[debug] [2023-04-22T03:01:43.337Z] ----------------------------------------------------------------------
[debug] 
[debug] [2023-04-22T03:01:43.390Z] > command requires scopes: ["email","openid","https://www.googleapis.com/auth/cloudplatformprojects.readonly","https://www.googleapis.com/auth/firebase","https://www.googleapis.com/auth/cloud-platform"]
[debug] [2023-04-22T03:01:43.391Z] > authorizing via signed-in user (sshadley.dev@gmail.com)
[debug] [2023-04-22T03:01:43.391Z] [iam] checking project workout-tracker-5e40b for permissions ["cloudconfig.configs.get","cloudconfig.configs.update","cloudfunctions.functions.create","cloudfunctions.functions.delete","cloudfunctions.functions.get","cloudfunctions.functions.list","cloudfunctions.functions.update","cloudfunctions.operations.get","datastore.indexes.create","datastore.indexes.delete","datastore.indexes.list","datastore.indexes.update","firebase.projects.get","firebasedatabase.instances.update","firebasehosting.sites.update","firebaserules.releases.create","firebaserules.releases.update","firebaserules.rulesets.create",null]
[debug] [2023-04-22T03:01:43.392Z] >>> [apiv2][query] POST https://cloudresourcemanager.googleapis.com/v1/projects/workout-tracker-5e40b:testIamPermissions [none]
[debug] [2023-04-22T03:01:43.393Z] >>> [apiv2][(partial)header] POST https://cloudresourcemanager.googleapis.com/v1/projects/workout-tracker-5e40b:testIamPermissions x-goog-quota-user=projects/workout-tracker-5e40b
[debug] [2023-04-22T03:01:43.393Z] >>> [apiv2][body] POST https://cloudresourcemanager.googleapis.com/v1/projects/workout-tracker-5e40b:testIamPermissions {"permissions":["cloudconfig.configs.get","cloudconfig.configs.update","cloudfunctions.functions.create","cloudfunctions.functions.delete","cloudfunctions.functions.get","cloudfunctions.functions.list","cloudfunctions.functions.update","cloudfunctions.operations.get","datastore.indexes.create","datastore.indexes.delete","datastore.indexes.list","datastore.indexes.update","firebase.projects.get","firebasedatabase.instances.update","firebasehosting.sites.update","firebaserules.releases.create","firebaserules.releases.update","firebaserules.rulesets.create",null]}
[debug] [2023-04-22T03:01:43.510Z] <<< [apiv2][status] POST https://cloudresourcemanager.googleapis.com/v1/projects/workout-tracker-5e40b:testIamPermissions 200
[debug] [2023-04-22T03:01:43.510Z] <<< [apiv2][body] POST https://cloudresourcemanager.googleapis.com/v1/projects/workout-tracker-5e40b:testIamPermissions {"permissions":["cloudconfig.configs.get","cloudconfig.configs.update","cloudfunctions.functions.create","cloudfunctions.functions.delete","cloudfunctions.functions.get","cloudfunctions.functions.list","cloudfunctions.functions.update","cloudfunctions.operations.get","datastore.indexes.create","datastore.indexes.delete","datastore.indexes.list","datastore.indexes.update","firebase.projects.get","firebasedatabase.instances.update","firebasehosting.sites.update","firebaserules.releases.create","firebaserules.releases.update","firebaserules.rulesets.create"]}
[debug] [2023-04-22T03:01:43.510Z] [iam] error while checking permissions, command may fail: FirebaseError: Authorization failed. This account is missing the following required permissions on project workout-tracker-5e40b:

  
[debug] [2023-04-22T03:01:43.511Z] >>> [apiv2][query] POST https://iam.googleapis.com/v1/projects/workout-tracker-5e40b/serviceAccounts/workout-tracker-5e40b@appspot.gserviceaccount.com:testIamPermissions [none]
[debug] [2023-04-22T03:01:43.511Z] >>> [apiv2][body] POST https://iam.googleapis.com/v1/projects/workout-tracker-5e40b/serviceAccounts/workout-tracker-5e40b@appspot.gserviceaccount.com:testIamPermissions {"permissions":["iam.serviceAccounts.actAs"]}
[debug] [2023-04-22T03:01:43.633Z] <<< [apiv2][status] POST https://iam.googleapis.com/v1/projects/workout-tracker-5e40b/serviceAccounts/workout-tracker-5e40b@appspot.gserviceaccount.com:testIamPermissions 200
[debug] [2023-04-22T03:01:43.634Z] <<< [apiv2][body] POST https://iam.googleapis.com/v1/projects/workout-tracker-5e40b/serviceAccounts/workout-tracker-5e40b@appspot.gserviceaccount.com:testIamPermissions {"permissions":["iam.serviceAccounts.actAs"]}
[debug] [2023-04-22T03:01:43.634Z] >>> [apiv2][query] GET https://firebase.googleapis.com/v1beta1/projects/workout-tracker-5e40b [none]
[debug] [2023-04-22T03:01:43.767Z] <<< [apiv2][status] GET https://firebase.googleapis.com/v1beta1/projects/workout-tracker-5e40b 200
[debug] [2023-04-22T03:01:43.767Z] <<< [apiv2][body] GET https://firebase.googleapis.com/v1beta1/projects/workout-tracker-5e40b {"projectId":"workout-tracker-5e40b","projectNumber":"6430223735","displayName":"workout-tracker","name":"projects/workout-tracker-5e40b","resources":{"hostingSite":"workout-tracker-5e40b","realtimeDatabaseInstance":"workout-tracker-5e40b-default-rtdb","storageBucket":"workout-tracker-5e40b.appspot.com","locationId":"us-central"},"state":"ACTIVE","etag":"1_5bc84410-9134-4bdd-b65f-aa76ad3c0f1c"}
[debug] [2023-04-22T03:01:43.767Z] >>> [apiv2][query] GET https://firebase.googleapis.com/v1beta1/projects/workout-tracker-5e40b [none]
[debug] [2023-04-22T03:01:43.880Z] <<< [apiv2][status] GET https://firebase.googleapis.com/v1beta1/projects/workout-tracker-5e40b 200
[debug] [2023-04-22T03:01:43.881Z] <<< [apiv2][body] GET https://firebase.googleapis.com/v1beta1/projects/workout-tracker-5e40b {"projectId":"workout-tracker-5e40b","projectNumber":"6430223735","displayName":"workout-tracker","name":"projects/workout-tracker-5e40b","resources":{"hostingSite":"workout-tracker-5e40b","realtimeDatabaseInstance":"workout-tracker-5e40b-default-rtdb","storageBucket":"workout-tracker-5e40b.appspot.com","locationId":"us-central"},"state":"ACTIVE","etag":"1_5bc84410-9134-4bdd-b65f-aa76ad3c0f1c"}
[info] 
[info] === Deploying to 'workout-tracker-5e40b'...
[info] 
[info] i  deploying database, storage, firestore, functions, hosting, remoteconfig, extensions 
[info] Running command: npm --prefix "$RESOURCE_DIR" run lint
[info] Running command: npm --prefix "$RESOURCE_DIR" run build
[info] ✔  functions: Finished running predeploy script. 
[info] i  database: checking rules syntax... 
[debug] [2023-04-22T03:01:51.245Z] >>> [apiv2][query] GET https://firebasedatabase.googleapis.com/v1beta/projects/workout-tracker-5e40b/locations/-/instances/workout-tracker-5e40b-default-rtdb [none]
[debug] [2023-04-22T03:01:51.383Z] <<< [apiv2][status] GET https://firebasedatabase.googleapis.com/v1beta/projects/workout-tracker-5e40b/locations/-/instances/workout-tracker-5e40b-default-rtdb 200
[debug] [2023-04-22T03:01:51.383Z] <<< [apiv2][body] GET https://firebasedatabase.googleapis.com/v1beta/projects/workout-tracker-5e40b/locations/-/instances/workout-tracker-5e40b-default-rtdb {"name":"projects/6430223735/locations/us-central1/instances/workout-tracker-5e40b-default-rtdb","project":"projects/6430223735","databaseUrl":"https://workout-tracker-5e40b-default-rtdb.firebaseio.com","type":"DEFAULT_DATABASE","state":"ACTIVE"}
[debug] [2023-04-22T03:01:51.384Z] >>> [apiv2][query] PUT https://workout-tracker-5e40b-default-rtdb.firebaseio.com/.settings/rules.json dryRun=true
[debug] [2023-04-22T03:01:51.384Z] >>> [apiv2][body] PUT https://workout-tracker-5e40b-default-rtdb.firebaseio.com/.settings/rules.json "{\n  /* Visit https://firebase.google.com/docs/database/security to learn more about security rules. */\n  \"rules\": {\n    \".read\": false,\n    \".write\": false\n  }\n}"
[debug] [2023-04-22T03:01:51.527Z] <<< [apiv2][status] PUT https://workout-tracker-5e40b-default-rtdb.firebaseio.com/.settings/rules.json 200
[debug] [2023-04-22T03:01:51.527Z] <<< [apiv2][body] PUT https://workout-tracker-5e40b-default-rtdb.firebaseio.com/.settings/rules.json {"status":"ok"}
[info] ✔  database: rules syntax for database workout-tracker-5e40b-default-rtdb is valid 
[debug] [2023-04-22T03:01:51.528Z] >>> [apiv2][query] GET https://appengine.googleapis.com/v1/apps/workout-tracker-5e40b [none]
[debug] [2023-04-22T03:01:51.771Z] <<< [apiv2][status] GET https://appengine.googleapis.com/v1/apps/workout-tracker-5e40b 200
[debug] [2023-04-22T03:01:51.771Z] <<< [apiv2][body] GET https://appengine.googleapis.com/v1/apps/workout-tracker-5e40b {"name":"apps/workout-tracker-5e40b","id":"workout-tracker-5e40b","authDomain":"gmail.com","locationId":"us-central","codeBucket":"staging.workout-tracker-5e40b.appspot.com","servingStatus":"SERVING","defaultHostname":"workout-tracker-5e40b.uc.r.appspot.com","defaultBucket":"workout-tracker-5e40b.appspot.com","serviceAccount":"workout-tracker-5e40b@appspot.gserviceaccount.com","gcrDomain":"us.gcr.io","databaseType":"CLOUD_FIRESTORE","featureSettings":{"splitHealthChecks":true,"useContainerOptimizedOs":true}}
[info] i  firebase.storage: checking storage.rules for compilation errors... 
[debug] [2023-04-22T03:01:51.772Z] >>> [apiv2][query] POST https://firebaserules.googleapis.com/v1/projects/workout-tracker-5e40b:test [none]
[debug] [2023-04-22T03:01:51.772Z] >>> [apiv2][body] POST https://firebaserules.googleapis.com/v1/projects/workout-tracker-5e40b:test [omitted]
[debug] [2023-04-22T03:01:51.889Z] <<< [apiv2][status] POST https://firebaserules.googleapis.com/v1/projects/workout-tracker-5e40b:test 200
[debug] [2023-04-22T03:01:51.889Z] <<< [apiv2][body] POST https://firebaserules.googleapis.com/v1/projects/workout-tracker-5e40b:test {}
[info] ✔  firebase.storage: rules file storage.rules compiled successfully 
[info] i  firestore: reading indexes from firestore.indexes.json... 
[info] i  cloud.firestore: checking firestore.rules for compilation errors... 
[debug] [2023-04-22T03:01:51.890Z] >>> [apiv2][query] POST https://firebaserules.googleapis.com/v1/projects/workout-tracker-5e40b:test [none]
[debug] [2023-04-22T03:01:51.890Z] >>> [apiv2][body] POST https://firebaserules.googleapis.com/v1/projects/workout-tracker-5e40b:test [omitted]
[debug] [2023-04-22T03:01:52.183Z] <<< [apiv2][status] POST https://firebaserules.googleapis.com/v1/projects/workout-tracker-5e40b:test 200
[debug] [2023-04-22T03:01:52.184Z] <<< [apiv2][body] POST https://firebaserules.googleapis.com/v1/projects/workout-tracker-5e40b:test {}
[info] ✔  cloud.firestore: rules file firestore.rules compiled successfully 
[debug] [2023-04-22T03:01:52.186Z] >>> [apiv2][query] GET https://firebase.googleapis.com/v1beta1/projects/workout-tracker-5e40b [none]
[debug] [2023-04-22T03:01:52.300Z] <<< [apiv2][status] GET https://firebase.googleapis.com/v1beta1/projects/workout-tracker-5e40b 200
[debug] [2023-04-22T03:01:52.301Z] <<< [apiv2][body] GET https://firebase.googleapis.com/v1beta1/projects/workout-tracker-5e40b {"projectId":"workout-tracker-5e40b","projectNumber":"6430223735","displayName":"workout-tracker","name":"projects/workout-tracker-5e40b","resources":{"hostingSite":"workout-tracker-5e40b","realtimeDatabaseInstance":"workout-tracker-5e40b-default-rtdb","storageBucket":"workout-tracker-5e40b.appspot.com","locationId":"us-central"},"state":"ACTIVE","etag":"1_5bc84410-9134-4bdd-b65f-aa76ad3c0f1c"}
[info] i  functions: preparing codebase default for deployment 
[info] i  functions: ensuring required API cloudfunctions.googleapis.com is enabled... 
[info] i  functions: ensuring required API cloudbuild.googleapis.com is enabled... 
[info] i  artifactregistry: ensuring required API artifactregistry.googleapis.com is enabled... 
[debug] [2023-04-22T03:01:52.302Z] >>> [apiv2][query] GET https://serviceusage.googleapis.com/v1/projects/workout-tracker-5e40b/services/cloudfunctions.googleapis.com [none]
[debug] [2023-04-22T03:01:52.302Z] >>> [apiv2][(partial)header] GET https://serviceusage.googleapis.com/v1/projects/workout-tracker-5e40b/services/cloudfunctions.googleapis.com x-goog-quota-user=projects/workout-tracker-5e40b
[debug] [2023-04-22T03:01:52.303Z] >>> [apiv2][query] GET https://serviceusage.googleapis.com/v1/projects/workout-tracker-5e40b/services/runtimeconfig.googleapis.com [none]
[debug] [2023-04-22T03:01:52.303Z] >>> [apiv2][(partial)header] GET https://serviceusage.googleapis.com/v1/projects/workout-tracker-5e40b/services/runtimeconfig.googleapis.com x-goog-quota-user=projects/workout-tracker-5e40b
[debug] [2023-04-22T03:01:52.304Z] >>> [apiv2][query] GET https://serviceusage.googleapis.com/v1/projects/workout-tracker-5e40b/services/cloudbuild.googleapis.com [none]
[debug] [2023-04-22T03:01:52.304Z] >>> [apiv2][(partial)header] GET https://serviceusage.googleapis.com/v1/projects/workout-tracker-5e40b/services/cloudbuild.googleapis.com x-goog-quota-user=projects/workout-tracker-5e40b
[debug] [2023-04-22T03:01:52.305Z] >>> [apiv2][query] GET https://serviceusage.googleapis.com/v1/projects/workout-tracker-5e40b/services/artifactregistry.googleapis.com [none]
[debug] [2023-04-22T03:01:52.305Z] >>> [apiv2][(partial)header] GET https://serviceusage.googleapis.com/v1/projects/workout-tracker-5e40b/services/artifactregistry.googleapis.com x-goog-quota-user=projects/workout-tracker-5e40b
[debug] [2023-04-22T03:01:52.572Z] <<< [apiv2][status] GET https://serviceusage.googleapis.com/v1/projects/workout-tracker-5e40b/services/runtimeconfig.googleapis.com 200
[debug] [2023-04-22T03:01:52.572Z] <<< [apiv2][body] GET https://serviceusage.googleapis.com/v1/projects/workout-tracker-5e40b/services/runtimeconfig.googleapis.com [omitted]
[debug] [2023-04-22T03:01:52.576Z] <<< [apiv2][status] GET https://serviceusage.googleapis.com/v1/projects/workout-tracker-5e40b/services/cloudfunctions.googleapis.com 200
[debug] [2023-04-22T03:01:52.576Z] <<< [apiv2][body] GET https://serviceusage.googleapis.com/v1/projects/workout-tracker-5e40b/services/cloudfunctions.googleapis.com [omitted]
[info] ✔  functions: required API cloudfunctions.googleapis.com is enabled 
[debug] [2023-04-22T03:01:52.617Z] <<< [apiv2][status] GET https://serviceusage.googleapis.com/v1/projects/workout-tracker-5e40b/services/artifactregistry.googleapis.com 200
[debug] [2023-04-22T03:01:52.617Z] <<< [apiv2][body] GET https://serviceusage.googleapis.com/v1/projects/workout-tracker-5e40b/services/artifactregistry.googleapis.com [omitted]
[warn] ⚠  artifactregistry: missing required API artifactregistry.googleapis.com. Enabling now... 
[debug] [2023-04-22T03:01:52.617Z] >>> [apiv2][query] POST https://serviceusage.googleapis.com/v1/projects/workout-tracker-5e40b/services/artifactregistry.googleapis.com:enable [none]
[debug] [2023-04-22T03:01:52.617Z] >>> [apiv2][(partial)header] POST https://serviceusage.googleapis.com/v1/projects/workout-tracker-5e40b/services/artifactregistry.googleapis.com:enable x-goog-quota-user=projects/workout-tracker-5e40b
[debug] [2023-04-22T03:01:52.619Z] <<< [apiv2][status] GET https://serviceusage.googleapis.com/v1/projects/workout-tracker-5e40b/services/cloudbuild.googleapis.com 200
[debug] [2023-04-22T03:01:52.619Z] <<< [apiv2][body] GET https://serviceusage.googleapis.com/v1/projects/workout-tracker-5e40b/services/cloudbuild.googleapis.com [omitted]
[warn] ⚠  functions: missing required API cloudbuild.googleapis.com. Enabling now... 
[debug] [2023-04-22T03:01:52.619Z] >>> [apiv2][query] POST https://serviceusage.googleapis.com/v1/projects/workout-tracker-5e40b/services/cloudbuild.googleapis.com:enable [none]
[debug] [2023-04-22T03:01:52.619Z] >>> [apiv2][(partial)header] POST https://serviceusage.googleapis.com/v1/projects/workout-tracker-5e40b/services/cloudbuild.googleapis.com:enable x-goog-quota-user=projects/workout-tracker-5e40b
[debug] [2023-04-22T03:01:53.246Z] <<< [apiv2][status] POST https://serviceusage.googleapis.com/v1/projects/workout-tracker-5e40b/services/artifactregistry.googleapis.com:enable 200
[debug] [2023-04-22T03:01:53.246Z] <<< [apiv2][body] POST https://serviceusage.googleapis.com/v1/projects/workout-tracker-5e40b/services/artifactregistry.googleapis.com:enable [omitted]
[debug] [2023-04-22T03:01:53.309Z] <<< [apiv2][status] POST https://serviceusage.googleapis.com/v1/projects/workout-tracker-5e40b/services/cloudbuild.googleapis.com:enable 200
[debug] [2023-04-22T03:01:53.309Z] <<< [apiv2][body] POST https://serviceusage.googleapis.com/v1/projects/workout-tracker-5e40b/services/cloudbuild.googleapis.com:enable [omitted]
[debug] [2023-04-22T03:02:03.252Z] >>> [apiv2][query] GET https://serviceusage.googleapis.com/v1/projects/workout-tracker-5e40b/services/artifactregistry.googleapis.com [none]
[debug] [2023-04-22T03:02:03.252Z] >>> [apiv2][(partial)header] GET https://serviceusage.googleapis.com/v1/projects/workout-tracker-5e40b/services/artifactregistry.googleapis.com x-goog-quota-user=projects/workout-tracker-5e40b
[debug] [2023-04-22T03:02:03.310Z] >>> [apiv2][query] GET https://serviceusage.googleapis.com/v1/projects/workout-tracker-5e40b/services/cloudbuild.googleapis.com [none]
[debug] [2023-04-22T03:02:03.310Z] >>> [apiv2][(partial)header] GET https://serviceusage.googleapis.com/v1/projects/workout-tracker-5e40b/services/cloudbuild.googleapis.com x-goog-quota-user=projects/workout-tracker-5e40b
[debug] [2023-04-22T03:02:03.763Z] <<< [apiv2][status] GET https://serviceusage.googleapis.com/v1/projects/workout-tracker-5e40b/services/artifactregistry.googleapis.com 200
[debug] [2023-04-22T03:02:03.763Z] <<< [apiv2][body] GET https://serviceusage.googleapis.com/v1/projects/workout-tracker-5e40b/services/artifactregistry.googleapis.com [omitted]
[info] ✔  artifactregistry: required API artifactregistry.googleapis.com is enabled 
[debug] [2023-04-22T03:02:03.787Z] <<< [apiv2][status] GET https://serviceusage.googleapis.com/v1/projects/workout-tracker-5e40b/services/cloudbuild.googleapis.com 200
[debug] [2023-04-22T03:02:03.788Z] <<< [apiv2][body] GET https://serviceusage.googleapis.com/v1/projects/workout-tracker-5e40b/services/cloudbuild.googleapis.com [omitted]
[info] ✔  functions: required API cloudbuild.googleapis.com is enabled 
[debug] [2023-04-22T03:02:03.789Z] >>> [apiv2][query] GET https://firebase.googleapis.com/v1beta1/projects/workout-tracker-5e40b/adminSdkConfig [none]
[debug] [2023-04-22T03:02:03.950Z] <<< [apiv2][status] GET https://firebase.googleapis.com/v1beta1/projects/workout-tracker-5e40b/adminSdkConfig 200
[debug] [2023-04-22T03:02:03.950Z] <<< [apiv2][body] GET https://firebase.googleapis.com/v1beta1/projects/workout-tracker-5e40b/adminSdkConfig {"projectId":"workout-tracker-5e40b","databaseURL":"https://workout-tracker-5e40b-default-rtdb.firebaseio.com","storageBucket":"workout-tracker-5e40b.appspot.com","locationId":"us-central"}
[debug] [2023-04-22T03:02:03.950Z] >>> [apiv2][query] GET https://runtimeconfig.googleapis.com/v1beta1/projects/workout-tracker-5e40b/configs [none]
[debug] [2023-04-22T03:02:04.110Z] <<< [apiv2][status] GET https://runtimeconfig.googleapis.com/v1beta1/projects/workout-tracker-5e40b/configs 200
[debug] [2023-04-22T03:02:04.110Z] <<< [apiv2][body] GET https://runtimeconfig.googleapis.com/v1beta1/projects/workout-tracker-5e40b/configs {}
[debug] [2023-04-22T03:02:04.111Z] Validating nodejs source
[debug] [2023-04-22T03:02:04.505Z] > [functions] package.json contents: {
  "name": "functions",
  "scripts": {
    "lint": "eslint --ext .js,.ts .",
    "build": "tsc",
    "build:watch": "tsc --watch",
    "serve": "npm run build && firebase emulators:start --only functions",
    "shell": "npm run build && firebase functions:shell",
    "start": "npm run shell",
    "deploy": "firebase deploy --only functions",
    "logs": "firebase functions:log"
  },
  "engines": {
    "node": "16"
  },
  "main": "lib/index.js",
  "dependencies": {
    "firebase-admin": "^11.5.0",
    "firebase-functions": "^4.2.0"
  },
  "devDependencies": {
    "@typescript-eslint/eslint-plugin": "^5.12.0",
    "@typescript-eslint/parser": "^5.12.0",
    "eslint": "^8.9.0",
    "eslint-config-google": "^0.14.0",
    "eslint-plugin-import": "^2.25.4",
    "firebase-functions-test": "^3.0.0",
    "typescript": "^4.9.0"
  },
  "private": true
}
[debug] [2023-04-22T03:02:04.506Z] Building nodejs source
[debug] [2023-04-22T03:02:04.506Z] Could not find functions.yaml. Must use http discovery
[debug] [2023-04-22T03:02:04.605Z] Found firebase-functions binary at '/home/spenc/workout-tracker/functions/node_modules/.bin/firebase-functions'
[debug] [2023-04-22T03:02:04.691Z] Serving at port 8609

[debug] [2023-04-22T03:02:04.701Z] Got response from /__/functions.yaml {"endpoints":{},"specVersion":"v1alpha1","requiredAPIs":[]}
[debug] [2023-04-22T03:02:04.706Z] shutdown requested via /__/quitquitquit

[debug] [2023-04-22T03:02:04.711Z] >>> [apiv2][query] GET https://cloudfunctions.googleapis.com/v1/projects/workout-tracker-5e40b/locations/-/functions [none]
[debug] [2023-04-22T03:02:05.119Z] <<< [apiv2][status] GET https://cloudfunctions.googleapis.com/v1/projects/workout-tracker-5e40b/locations/-/functions 200
[debug] [2023-04-22T03:02:05.119Z] <<< [apiv2][body] GET https://cloudfunctions.googleapis.com/v1/projects/workout-tracker-5e40b/locations/-/functions {}
[debug] [2023-04-22T03:02:05.120Z] >>> [apiv2][query] GET https://cloudfunctions.googleapis.com/v2/projects/workout-tracker-5e40b/locations/-/functions filter=environment%3D%22GEN_2%22
[debug] [2023-04-22T03:02:05.739Z] <<< [apiv2][status] GET https://cloudfunctions.googleapis.com/v2/projects/workout-tracker-5e40b/locations/-/functions 200
[debug] [2023-04-22T03:02:05.740Z] <<< [apiv2][body] GET https://cloudfunctions.googleapis.com/v2/projects/workout-tracker-5e40b/locations/-/functions {}
[debug] [2023-04-22T03:02:05.744Z] >>> [apiv2][query] POST https://firebasehosting.googleapis.com/v1beta1/projects/-/sites/workout-tracker-5e40b/versions [none]
[debug] [2023-04-22T03:02:05.744Z] >>> [apiv2][body] POST https://firebasehosting.googleapis.com/v1beta1/projects/-/sites/workout-tracker-5e40b/versions {"status":"CREATED","labels":{"deployment-tool":"cli-firebase"}}
[debug] [2023-04-22T03:02:06.554Z] <<< [apiv2][status] POST https://firebasehosting.googleapis.com/v1beta1/projects/-/sites/workout-tracker-5e40b/versions 200
[debug] [2023-04-22T03:02:06.554Z] <<< [apiv2][body] POST https://firebasehosting.googleapis.com/v1beta1/projects/-/sites/workout-tracker-5e40b/versions {"name":"projects/6430223735/sites/workout-tracker-5e40b/versions/adbf918fc7bc83ad","status":"CREATED","config":{},"labels":{"deployment-tool":"cli-firebase"}}
[debug] [2023-04-22T03:02:06.554Z] >>> [apiv2][query] GET https://firebaseremoteconfig.googleapis.com/v1/projects/6430223735/remoteConfig 
[debug] [2023-04-22T03:02:06.803Z] <<< [apiv2][status] GET https://firebaseremoteconfig.googleapis.com/v1/projects/6430223735/remoteConfig 200
[debug] [2023-04-22T03:02:06.803Z] <<< [apiv2][body] GET https://firebaseremoteconfig.googleapis.com/v1/projects/6430223735/remoteConfig {}
[info] i  extensions: ensuring required API firebaseextensions.googleapis.com is enabled... 
[debug] [2023-04-22T03:02:06.804Z] >>> [apiv2][query] GET https://serviceusage.googleapis.com/v1/projects/workout-tracker-5e40b/services/firebaseextensions.googleapis.com [none]
[debug] [2023-04-22T03:02:06.804Z] >>> [apiv2][(partial)header] GET https://serviceusage.googleapis.com/v1/projects/workout-tracker-5e40b/services/firebaseextensions.googleapis.com x-goog-quota-user=projects/workout-tracker-5e40b
[debug] [2023-04-22T03:02:07.023Z] <<< [apiv2][status] GET https://serviceusage.googleapis.com/v1/projects/workout-tracker-5e40b/services/firebaseextensions.googleapis.com 200
[debug] [2023-04-22T03:02:07.023Z] <<< [apiv2][body] GET https://serviceusage.googleapis.com/v1/projects/workout-tracker-5e40b/services/firebaseextensions.googleapis.com [omitted]
[info] ✔  extensions: required API firebaseextensions.googleapis.com is enabled 
[debug] [2023-04-22T03:02:07.023Z] > command requires scopes: ["email","openid","https://www.googleapis.com/auth/cloudplatformprojects.readonly","https://www.googleapis.com/auth/firebase","https://www.googleapis.com/auth/cloud-platform"]
[debug] [2023-04-22T03:02:07.023Z] > authorizing via signed-in user (sshadley.dev@gmail.com)
[debug] [2023-04-22T03:02:07.023Z] [iam] checking project workout-tracker-5e40b for permissions ["firebase.projects.get","firebaseextensions.instances.list"]
[debug] [2023-04-22T03:02:07.023Z] >>> [apiv2][query] POST https://cloudresourcemanager.googleapis.com/v1/projects/workout-tracker-5e40b:testIamPermissions [none]
[debug] [2023-04-22T03:02:07.023Z] >>> [apiv2][(partial)header] POST https://cloudresourcemanager.googleapis.com/v1/projects/workout-tracker-5e40b:testIamPermissions x-goog-quota-user=projects/workout-tracker-5e40b
[debug] [2023-04-22T03:02:07.023Z] >>> [apiv2][body] POST https://cloudresourcemanager.googleapis.com/v1/projects/workout-tracker-5e40b:testIamPermissions {"permissions":["firebase.projects.get","firebaseextensions.instances.list"]}
[debug] [2023-04-22T03:02:07.126Z] <<< [apiv2][status] POST https://cloudresourcemanager.googleapis.com/v1/projects/workout-tracker-5e40b:testIamPermissions 200
[debug] [2023-04-22T03:02:07.126Z] <<< [apiv2][body] POST https://cloudresourcemanager.googleapis.com/v1/projects/workout-tracker-5e40b:testIamPermissions {"permissions":["firebase.projects.get","firebaseextensions.instances.list"]}
[debug] [2023-04-22T03:02:07.127Z] >>> [apiv2][query] GET https://firebaseextensions.googleapis.com/v1beta/projects/workout-tracker-5e40b/instances pageSize=100&pageToken=
[debug] [2023-04-22T03:02:08.429Z] <<< [apiv2][status] GET https://firebaseextensions.googleapis.com/v1beta/projects/workout-tracker-5e40b/instances 200
[debug] [2023-04-22T03:02:08.429Z] <<< [apiv2][body] GET https://firebaseextensions.googleapis.com/v1beta/projects/workout-tracker-5e40b/instances {}
[info] i  extensions: ensuring required API compute.googleapis.com is enabled... 
[debug] [2023-04-22T03:02:08.429Z] >>> [apiv2][query] GET https://serviceusage.googleapis.com/v1/projects/workout-tracker-5e40b/services/compute.googleapis.com [none]
[debug] [2023-04-22T03:02:08.430Z] >>> [apiv2][(partial)header] GET https://serviceusage.googleapis.com/v1/projects/workout-tracker-5e40b/services/compute.googleapis.com x-goog-quota-user=projects/workout-tracker-5e40b
[debug] [2023-04-22T03:02:08.809Z] <<< [apiv2][status] GET https://serviceusage.googleapis.com/v1/projects/workout-tracker-5e40b/services/compute.googleapis.com 200
[debug] [2023-04-22T03:02:08.809Z] <<< [apiv2][body] GET https://serviceusage.googleapis.com/v1/projects/workout-tracker-5e40b/services/compute.googleapis.com [omitted]
[warn] ⚠  extensions: missing required API compute.googleapis.com. Enabling now... 
[debug] [2023-04-22T03:02:08.809Z] >>> [apiv2][query] POST https://serviceusage.googleapis.com/v1/projects/workout-tracker-5e40b/services/compute.googleapis.com:enable [none]
[debug] [2023-04-22T03:02:08.809Z] >>> [apiv2][(partial)header] POST https://serviceusage.googleapis.com/v1/projects/workout-tracker-5e40b/services/compute.googleapis.com:enable x-goog-quota-user=projects/workout-tracker-5e40b
[debug] [2023-04-22T03:02:09.475Z] <<< [apiv2][status] POST https://serviceusage.googleapis.com/v1/projects/workout-tracker-5e40b/services/compute.googleapis.com:enable 200
[debug] [2023-04-22T03:02:09.475Z] <<< [apiv2][body] POST https://serviceusage.googleapis.com/v1/projects/workout-tracker-5e40b/services/compute.googleapis.com:enable [omitted]
[debug] [2023-04-22T03:02:19.479Z] >>> [apiv2][query] GET https://serviceusage.googleapis.com/v1/projects/workout-tracker-5e40b/services/compute.googleapis.com [none]
[debug] [2023-04-22T03:02:19.479Z] >>> [apiv2][(partial)header] GET https://serviceusage.googleapis.com/v1/projects/workout-tracker-5e40b/services/compute.googleapis.com x-goog-quota-user=projects/workout-tracker-5e40b
[debug] [2023-04-22T03:02:20.101Z] <<< [apiv2][status] GET https://serviceusage.googleapis.com/v1/projects/workout-tracker-5e40b/services/compute.googleapis.com 200
[debug] [2023-04-22T03:02:20.101Z] <<< [apiv2][body] GET https://serviceusage.googleapis.com/v1/projects/workout-tracker-5e40b/services/compute.googleapis.com [omitted]
[info] i  extensions: waiting for API compute.googleapis.com to activate... 
[debug] [2023-04-22T03:02:30.107Z] >>> [apiv2][query] GET https://serviceusage.googleapis.com/v1/projects/workout-tracker-5e40b/services/compute.googleapis.com [none]
[debug] [2023-04-22T03:02:30.107Z] >>> [apiv2][(partial)header] GET https://serviceusage.googleapis.com/v1/projects/workout-tracker-5e40b/services/compute.googleapis.com x-goog-quota-user=projects/workout-tracker-5e40b
[debug] [2023-04-22T03:02:30.775Z] <<< [apiv2][status] GET https://serviceusage.googleapis.com/v1/projects/workout-tracker-5e40b/services/compute.googleapis.com 200
[debug] [2023-04-22T03:02:30.775Z] <<< [apiv2][body] GET https://serviceusage.googleapis.com/v1/projects/workout-tracker-5e40b/services/compute.googleapis.com [omitted]
[info] i  extensions: waiting for API compute.googleapis.com to activate... 
[debug] [2023-04-22T03:02:40.781Z] >>> [apiv2][query] GET https://serviceusage.googleapis.com/v1/projects/workout-tracker-5e40b/services/compute.googleapis.com [none]
[debug] [2023-04-22T03:02:40.781Z] >>> [apiv2][(partial)header] GET https://serviceusage.googleapis.com/v1/projects/workout-tracker-5e40b/services/compute.googleapis.com x-goog-quota-user=projects/workout-tracker-5e40b
[debug] [2023-04-22T03:02:41.441Z] <<< [apiv2][status] GET https://serviceusage.googleapis.com/v1/projects/workout-tracker-5e40b/services/compute.googleapis.com 200
[debug] [2023-04-22T03:02:41.442Z] <<< [apiv2][body] GET https://serviceusage.googleapis.com/v1/projects/workout-tracker-5e40b/services/compute.googleapis.com [omitted]
[info] i  extensions: waiting for API compute.googleapis.com to activate... 
[debug] [2023-04-22T03:02:51.446Z] >>> [apiv2][query] GET https://serviceusage.googleapis.com/v1/projects/workout-tracker-5e40b/services/compute.googleapis.com [none]
[debug] [2023-04-22T03:02:51.446Z] >>> [apiv2][(partial)header] GET https://serviceusage.googleapis.com/v1/projects/workout-tracker-5e40b/services/compute.googleapis.com x-goog-quota-user=projects/workout-tracker-5e40b
[debug] [2023-04-22T03:02:52.026Z] <<< [apiv2][status] GET https://serviceusage.googleapis.com/v1/projects/workout-tracker-5e40b/services/compute.googleapis.com 200
[debug] [2023-04-22T03:02:52.026Z] <<< [apiv2][body] GET https://serviceusage.googleapis.com/v1/projects/workout-tracker-5e40b/services/compute.googleapis.com [omitted]
[info] i  extensions: waiting for API compute.googleapis.com to activate... 
